[01m[K/home/tapati/my_ws/src/my_control_pkg/src/my_control_node_1.cpp:18:43:[m[K [01;35m[Kwarning: [m[Kmissing terminating " character
  static const std::string END_EFFECTOR_ = [01;35m[K"[m[Kend_effector;
                                           [01;35m[K^[m[K
[01m[K/home/tapati/my_ws/src/my_control_pkg/src/my_control_node_1.cpp:18:43:[m[K [01;31m[Kerror: [m[Kmissing terminating " character
  static const std::string END_EFFECTOR_ = [01;31m[K"end_effector;[m[K
                                           [01;31m[K^~~~~~~~~~~~~~[m[K
[01m[K/home/tapati/my_ws/src/my_control_pkg/src/my_control_node_1.cpp:[m[K In function â€˜[01m[Kint main(int, char**)[m[Kâ€™:
[01m[K/home/tapati/my_ws/src/my_control_pkg/src/my_control_node_1.cpp:19:2:[m[K [01;31m[Kerror: [m[Kexpected primary-expression before â€˜[01m[Kstatic[m[Kâ€™
  [01;31m[Kstatic[m[K const std::string FRAME = "base_link";
  [01;31m[K^~~~~~[m[K
make[2]: *** [CMakeFiles/my_control_node_1.dir/src/my_control_node_1.cpp.o] Error 1
make[1]: *** [CMakeFiles/my_control_node_1.dir/all] Error 2
make: *** [all] Error 2
